[debug] [2023-01-13T04:45:18.863Z] ----------------------------------------------------------------------
[debug] [2023-01-13T04:45:18.864Z] Command:       /usr/local/bin/firebase /Users/timchinenov/.cache/firebase/tools/lib/node_modules/firebase-tools/lib/bin/firebase init
[debug] [2023-01-13T04:45:18.864Z] CLI Version:   11.19.0
[debug] [2023-01-13T04:45:18.864Z] Platform:      darwin
[debug] [2023-01-13T04:45:18.864Z] Node Version:  v16.16.0
[debug] [2023-01-13T04:45:18.868Z] Time:          Thu Jan 12 2023 23:45:18 GMT-0500 (Eastern Standard Time)
[debug] [2023-01-13T04:45:18.868Z] ----------------------------------------------------------------------
[debug] 
[debug] [2023-01-13T04:45:18.872Z] >>> [apiv2][query] GET https://firebase-public.firebaseio.com/cli.json [none]
[debug] [2023-01-13T04:45:18.892Z] > command requires scopes: ["email","openid","https://www.googleapis.com/auth/cloudplatformprojects.readonly","https://www.googleapis.com/auth/firebase","https://www.googleapis.com/auth/cloud-platform"]
[debug] [2023-01-13T04:45:18.893Z] > authorizing via signed-in user (tim.chinenov@gmail.com)
[info] 
     ######## #### ########  ######## ########     ###     ######  ########
     ##        ##  ##     ## ##       ##     ##  ##   ##  ##       ##
     ######    ##  ########  ######   ########  #########  ######  ######
     ##        ##  ##    ##  ##       ##     ## ##     ##       ## ##
     ##       #### ##     ## ######## ########  ##     ##  ######  ########

You're about to initialize a Firebase project in this directory:

  /Users/timchinenov/Dev/global-calendar

[debug] [2023-01-13T04:45:19.035Z] <<< [apiv2][status] GET https://firebase-public.firebaseio.com/cli.json 200
[debug] [2023-01-13T04:45:19.037Z] <<< [apiv2][body] GET https://firebase-public.firebaseio.com/cli.json {"cloudBuildErrorAfter":1594252800000,"cloudBuildWarnAfter":1590019200000,"defaultNode10After":1594252800000,"minVersion":"3.0.5","node8DeploysDisabledAfter":1613390400000,"node8RuntimeDisabledAfter":1615809600000,"node8WarnAfter":1600128000000}
[info] 
=== Project Setup
[info] 
[info] First, let's associate this project directory with a Firebase project.
[info] You can create multiple project aliases by running firebase use --add, 
[info] but for now we'll just set up a default project.
[info] 
